Copyright 1986-2022 Xilinx, Inc. All Rights Reserved. Copyright 2022-2025 Advanced Micro Devices, Inc. All Rights Reserved.
---------------------------------------------------------------------------------------------------------------------------------------------
| Tool Version : Vivado v.2025.2 (lin64) Build 6299465 Fri Nov 14 12:34:56 MST 2025
| Date         : Sun Nov 23 22:31:28 2025
| Host         : ck-MS-7E62 running 64-bit Ubuntu 25.04
| Command      : report_drc -file top_module_drc_opted.rpt -pb top_module_drc_opted.pb -rpx top_module_drc_opted.rpx
| Design       : top_module
| Device       : xc7a100tcsg324-1
| Speed File   : -1
| Design State : Synthesized
---------------------------------------------------------------------------------------------------------------------------------------------

Report DRC

Table of Contents
-----------------
1. REPORT SUMMARY
2. REPORT DETAILS

1. REPORT SUMMARY
-----------------
            Netlist: netlist
          Floorplan: design_1
      Design limits: <entire design considered>
           Ruledeck: default
             Max checks: <unlimited>
             Checks found: 4
+-----------+----------+-----------------------------------------------------+--------+
| Rule      | Severity | Description                                         | Checks |
+-----------+----------+-----------------------------------------------------+--------+
| CFGBVS-1  | Warning  | Missing CFGBVS and CONFIG_VOLTAGE Design Properties | 1      |
| PLIO-6    | Warning  | Placement Constraints Check for IO constraints      | 1      |
| REQP-1617 | Warning  | use_IOB_register                                    | 1      |
| REQP-1709 | Warning  | Clock output buffering                              | 1      |
+-----------+----------+-----------------------------------------------------+--------+

2. REPORT DETAILS
-----------------
CFGBVS-1#1 Warning
Missing CFGBVS and CONFIG_VOLTAGE Design Properties  
Neither the CFGBVS nor CONFIG_VOLTAGE voltage property is set in the current_design.  Configuration bank voltage select (CFGBVS) must be set to VCCO or GND, and CONFIG_VOLTAGE must be set to the correct configuration voltage, in order to determine the I/O voltage support for the pins in bank 0.  It is suggested to specify these either using the 'Edit Device Properties' function in the GUI or directly in the XDC file using the following syntax:

 set_property CFGBVS value1 [current_design]
 #where value1 is either VCCO or GND

 set_property CONFIG_VOLTAGE value2 [current_design]
 #where value2 is the voltage provided to configuration bank 0

Refer to the device configuration user guide for more information.
Related violations: <none>

PLIO-6#1 Warning
Placement Constraints Check for IO constraints  
Invalid constraint on register microblaze/microblaze_i/axi_quad_spi_0/U0/NO_DUAL_QUAD_MODE.QSPI_NORMAL/IO0_I_REG. It has the property IOB=TRUE, but it is not driving or driven by any IO element.
Related violations: <none>

REQP-1617#1 Warning
use_IOB_register  
The FDRE cell microblaze/microblaze_i/axi_quad_spi_0/U0/NO_DUAL_QUAD_MODE.QSPI_NORMAL/IO0_I_REG has IOB set to TRUE, but does not connect directly to an IO cell. Remove the constraint or ensure the FDRE is properly connected to an IO.
Related violations: <none>

REQP-1709#1 Warning
Clock output buffering  
PLLE2_ADV connectivity violation. The signal microblaze/microblaze_i/mig_7series_0/u_microblaze_mig_7series_0_0_mig/u_ddr2_infrastructure/pll_clk3_out on the microblaze/microblaze_i/mig_7series_0/u_microblaze_mig_7series_0_0_mig/u_ddr2_infrastructure/plle2_i/CLKOUT3 pin of microblaze/microblaze_i/mig_7series_0/u_microblaze_mig_7series_0_0_mig/u_ddr2_infrastructure/plle2_i does not drive the same kind of BUFFER load as the other CLKOUT pins. Routing from the different buffer types will not be phase aligned.
Related violations: <none>


