Copyright 1986-2022 Xilinx, Inc. All Rights Reserved. Copyright 2022-2025 Advanced Micro Devices, Inc. All Rights Reserved.
----------------------------------------------------------------------------------------------------------------------------------------------------
| Tool Version     : Vivado v.2025.1 (win64) Build 6140274 Thu May 22 00:12:29 MDT 2025
| Date             : Wed Sep 24 16:44:13 2025
| Host             : DESKTOP-BEUFM6D running 64-bit major release  (build 9200)
| Command          : report_power -file top_module_power_routed.rpt -pb top_module_power_summary_routed.pb -rpx top_module_power_routed.rpx
| Design           : top_module
| Device           : xc7a100tcsg324-1
| Design State     : routed
| Grade            : commercial
| Process          : typical
| Characterization : Production
----------------------------------------------------------------------------------------------------------------------------------------------------

Power Report

Table of Contents
-----------------
1. Summary
1.1 On-Chip Components
1.2 Power Supply Summary
1.3 Confidence Level
2. Settings
2.1 Environment
2.2 Clock Constraints
3. Detailed Reports
3.1 By Hierarchy

1. Summary
----------

+--------------------------+--------------+
| Total On-Chip Power (W)  | 1.311        |
| Design Power Budget (W)  | Unspecified* |
| Power Budget Margin (W)  | NA           |
| Dynamic (W)              | 1.200        |
| Device Static (W)        | 0.111        |
| Effective TJA (C/W)      | 4.6          |
| Max Ambient (C)          | 79.0         |
| Junction Temperature (C) | 31.0         |
| Confidence Level         | Low          |
| Setting File             | ---          |
| Simulation Activity File | ---          |
| Design Nets Matched      | NA           |
+--------------------------+--------------+
* Specify Design Power Budget using, set_operating_conditions -design_power_budget <value in Watts>


1.1 On-Chip Components
----------------------

+--------------------------+-----------+----------+-----------+-----------------+
| On-Chip                  | Power (W) | Used     | Available | Utilization (%) |
+--------------------------+-----------+----------+-----------+-----------------+
| Clocks                   |     0.103 |       29 |       --- |             --- |
| Slice Logic              |     0.046 |    54039 |       --- |             --- |
|   LUT as Logic           |     0.038 |    18325 |     63400 |           28.90 |
|   LUT as Distributed RAM |     0.004 |     1162 |     19000 |            6.12 |
|   Register               |     0.002 |    23104 |    126800 |           18.22 |
|   CARRY4                 |     0.002 |      653 |     15850 |            4.12 |
|   LUT as Shift Register  |    <0.001 |     1061 |     19000 |            5.58 |
|   F7/F8 Muxes            |    <0.001 |      141 |     63400 |            0.22 |
|   Others                 |    <0.001 |     2905 |       --- |             --- |
| Signals                  |     0.056 |    38457 |       --- |             --- |
| Block RAM                |     0.003 |     37.5 |       135 |           27.78 |
| MMCM                     |     0.216 |        2 |         6 |           33.33 |
| PLL                      |     0.111 |        1 |         6 |           16.67 |
| DSPs                     |     0.003 |        5 |       240 |            2.08 |
| I/O                      |     0.552 |      104 |       210 |           49.52 |
| PHASER                   |     0.106 |       14 |       --- |             --- |
| XADC                     |     0.004 |        1 |       --- |             --- |
| Static Power             |     0.111 |          |           |                 |
| Total                    |     1.311 |          |           |                 |
+--------------------------+-----------+----------+-----------+-----------------+


1.2 Power Supply Summary
------------------------

+-----------+-------------+-----------+-------------+------------+-------------+-------------+------------+
| Source    | Voltage (V) | Total (A) | Dynamic (A) | Static (A) | Powerup (A) | Budget (A)  | Margin (A) |
+-----------+-------------+-----------+-------------+------------+-------------+-------------+------------+
| Vccint    |       1.000 |     0.271 |       0.251 |      0.020 |       NA    | Unspecified | NA         |
| Vccaux    |       1.800 |     0.298 |       0.280 |      0.018 |       NA    | Unspecified | NA         |
| Vcco33    |       3.300 |     0.004 |       0.000 |      0.004 |       NA    | Unspecified | NA         |
| Vcco25    |       2.500 |     0.000 |       0.000 |      0.000 |       NA    | Unspecified | NA         |
| Vcco18    |       1.800 |     0.249 |       0.245 |      0.004 |       NA    | Unspecified | NA         |
| Vcco15    |       1.500 |     0.000 |       0.000 |      0.000 |       NA    | Unspecified | NA         |
| Vcco135   |       1.350 |     0.000 |       0.000 |      0.000 |       NA    | Unspecified | NA         |
| Vcco12    |       1.200 |     0.000 |       0.000 |      0.000 |       NA    | Unspecified | NA         |
| Vccaux_io |       1.800 |     0.000 |       0.000 |      0.000 |       NA    | Unspecified | NA         |
| Vccbram   |       1.000 |     0.002 |       0.000 |      0.001 |       NA    | Unspecified | NA         |
| MGTAVcc   |       1.000 |     0.000 |       0.000 |      0.000 |       NA    | Unspecified | NA         |
| MGTAVtt   |       1.200 |     0.000 |       0.000 |      0.000 |       NA    | Unspecified | NA         |
| Vccadc    |       1.800 |     0.022 |       0.002 |      0.020 |       NA    | Unspecified | NA         |
+-----------+-------------+-----------+-------------+------------+-------------+-------------+------------+


1.3 Confidence Level
--------------------

+-----------------------------+------------+--------------------------------------------------------+------------------------------------------------------------------------------------------------------------+
| User Input Data             | Confidence | Details                                                | Action                                                                                                     |
+-----------------------------+------------+--------------------------------------------------------+------------------------------------------------------------------------------------------------------------+
| Design implementation state | High       | Design is routed                                       |                                                                                                            |
| Clock nodes activity        | High       | User specified more than 95% of clocks                 |                                                                                                            |
| I/O nodes activity          | Low        | More than 75% of inputs are missing user specification | Provide missing input activity with simulation results or by editing the "By Resource Type -> I/Os" view   |
| Internal nodes activity     | Medium     | User specified less than 25% of internal nodes         | Provide missing internal nodes activity with simulation results or by editing the "By Resource Type" views |
| Device models               | High       | Device models are Production                           |                                                                                                            |
|                             |            |                                                        |                                                                                                            |
| Overall confidence level    | Low        |                                                        |                                                                                                            |
+-----------------------------+------------+--------------------------------------------------------+------------------------------------------------------------------------------------------------------------+


2. Settings
-----------

2.1 Environment
---------------

+-----------------------+--------------------------+
| Ambient Temp (C)      | 25.0                     |
| ThetaJA (C/W)         | 4.6                      |
| Airflow (LFM)         | 250                      |
| Heat Sink             | medium (Medium Profile)  |
| ThetaSA (C/W)         | 4.6                      |
| Board Selection       | medium (10"x10")         |
| # of Board Layers     | 12to15 (12 to 15 Layers) |
| Board Temperature (C) | 25.0                     |
+-----------------------+--------------------------+


2.2 Clock Constraints
---------------------

+-----------------------------------------------------------------------------------------------------------------------------------------------------------+------------------------------------------------------------------------------------------------------------------------------------------------------------------------------------------------------------------------------------------------+-----------------+
| Clock                                                                                                                                                     | Domain                                                                                                                                                                                                                                         | Constraint (ns) |
+-----------------------------------------------------------------------------------------------------------------------------------------------------------+------------------------------------------------------------------------------------------------------------------------------------------------------------------------------------------------------------------------------------------------+-----------------+
| clk_out1_microblaze_clk_wiz_1_0                                                                                                                           | microblaze/microblaze_i/clk_wiz_1/inst/clk_out1_microblaze_clk_wiz_1_0                                                                                                                                                                         |            10.0 |
| clk_out2_microblaze_clk_wiz_1_0                                                                                                                           | microblaze/microblaze_i/clk_wiz_1/inst/clk_out2_microblaze_clk_wiz_1_0                                                                                                                                                                         |             5.0 |
| clk_out3_microblaze_clk_wiz_1_0                                                                                                                           | microblaze/microblaze_i/clk_wiz_1/inst/clk_out3_microblaze_clk_wiz_1_0                                                                                                                                                                         |            10.0 |
| clk_pll_i                                                                                                                                                 | microblaze/microblaze_i/mig_7series_0/u_microblaze_mig_7series_0_0_mig/u_ddr2_infrastructure/clk_pll_i                                                                                                                                         |             6.7 |
| clkfbout_microblaze_clk_wiz_1_0                                                                                                                           | microblaze/microblaze_i/clk_wiz_1/inst/clkfbout_microblaze_clk_wiz_1_0                                                                                                                                                                         |            10.0 |
| dbg_hub/inst/BSCANID.u_xsdbm_id/SWITCH_N_EXT_BSCAN.bscan_inst/SERIES7_BSCAN.bscan_inst/TCK                                                                | dbg_hub/inst/BSCANID.u_xsdbm_id/SWITCH_N_EXT_BSCAN.bscan_inst/TCK                                                                                                                                                                              |            33.0 |
| freq_refclk                                                                                                                                               | microblaze/microblaze_i/mig_7series_0/u_microblaze_mig_7series_0_0_mig/u_ddr2_infrastructure/freq_refclk                                                                                                                                       |             1.7 |
| iserdes_clkdiv                                                                                                                                            | microblaze/microblaze_i/mig_7series_0/u_microblaze_mig_7series_0_0_mig/u_memc_ui_top_axi/mem_intfc0/ddr_phy_top0/u_ddr_mc_phy_wrapper/u_ddr_mc_phy/ddr_phy_4lanes_0.u_ddr_phy_4lanes/ddr_byte_lane_A.ddr_byte_lane_A/iserdes_clkdiv            |            13.3 |
| iserdes_clkdiv_1                                                                                                                                          | microblaze/microblaze_i/mig_7series_0/u_microblaze_mig_7series_0_0_mig/u_memc_ui_top_axi/mem_intfc0/ddr_phy_top0/u_ddr_mc_phy_wrapper/u_ddr_mc_phy/ddr_phy_4lanes_0.u_ddr_phy_4lanes/ddr_byte_lane_C.ddr_byte_lane_C/iserdes_clkdiv            |            13.3 |
| mem_refclk                                                                                                                                                | microblaze/microblaze_i/mig_7series_0/u_microblaze_mig_7series_0_0_mig/u_ddr2_infrastructure/mem_refclk                                                                                                                                        |             3.3 |
| microblaze/microblaze_i/mdm_1/U0/Use_E2.BSCAN_I/Use_E2.BSCANE2_I/DRCK                                                                                     | microblaze/microblaze_i/mdm_1/U0/Use_E2.BSCAN_I/DRCK                                                                                                                                                                                           |            33.3 |
| microblaze/microblaze_i/mdm_1/U0/Use_E2.BSCAN_I/Use_E2.BSCANE2_I/UPDATE                                                                                   | microblaze/microblaze_i/mdm_1/U0/Use_E2.BSCAN_I/Dbg_Update_0                                                                                                                                                                                   |            33.3 |
| oserdes_clk                                                                                                                                               | microblaze/microblaze_i/mig_7series_0/u_microblaze_mig_7series_0_0_mig/u_memc_ui_top_axi/mem_intfc0/ddr_phy_top0/u_ddr_mc_phy_wrapper/u_ddr_mc_phy/ddr_phy_4lanes_0.u_ddr_phy_4lanes/ddr_byte_lane_A.ddr_byte_lane_A/oserdes_clk               |             3.3 |
| oserdes_clk_1                                                                                                                                             | microblaze/microblaze_i/mig_7series_0/u_microblaze_mig_7series_0_0_mig/u_memc_ui_top_axi/mem_intfc0/ddr_phy_top0/u_ddr_mc_phy_wrapper/u_ddr_mc_phy/ddr_phy_4lanes_0.u_ddr_phy_4lanes/ddr_byte_lane_B.ddr_byte_lane_B/oserdes_clk               |             3.3 |
| oserdes_clk_2                                                                                                                                             | microblaze/microblaze_i/mig_7series_0/u_microblaze_mig_7series_0_0_mig/u_memc_ui_top_axi/mem_intfc0/ddr_phy_top0/u_ddr_mc_phy_wrapper/u_ddr_mc_phy/ddr_phy_4lanes_0.u_ddr_phy_4lanes/ddr_byte_lane_C.ddr_byte_lane_C/oserdes_clk               |             3.3 |
| oserdes_clk_3                                                                                                                                             | microblaze/microblaze_i/mig_7series_0/u_microblaze_mig_7series_0_0_mig/u_memc_ui_top_axi/mem_intfc0/ddr_phy_top0/u_ddr_mc_phy_wrapper/u_ddr_mc_phy/ddr_phy_4lanes_0.u_ddr_phy_4lanes/ddr_byte_lane_D.ddr_byte_lane_D/oserdes_clk               |             3.3 |
| oserdes_clkdiv                                                                                                                                            | microblaze/microblaze_i/mig_7series_0/u_microblaze_mig_7series_0_0_mig/u_memc_ui_top_axi/mem_intfc0/ddr_phy_top0/u_ddr_mc_phy_wrapper/u_ddr_mc_phy/ddr_phy_4lanes_0.u_ddr_phy_4lanes/ddr_byte_lane_A.ddr_byte_lane_A/oserdes_clkdiv            |             6.7 |
| oserdes_clkdiv_1                                                                                                                                          | microblaze/microblaze_i/mig_7series_0/u_microblaze_mig_7series_0_0_mig/u_memc_ui_top_axi/mem_intfc0/ddr_phy_top0/u_ddr_mc_phy_wrapper/u_ddr_mc_phy/ddr_phy_4lanes_0.u_ddr_phy_4lanes/ddr_byte_lane_B.ddr_byte_lane_B/oserdes_clkdiv            |             6.7 |
| oserdes_clkdiv_2                                                                                                                                          | microblaze/microblaze_i/mig_7series_0/u_microblaze_mig_7series_0_0_mig/u_memc_ui_top_axi/mem_intfc0/ddr_phy_top0/u_ddr_mc_phy_wrapper/u_ddr_mc_phy/ddr_phy_4lanes_0.u_ddr_phy_4lanes/ddr_byte_lane_C.ddr_byte_lane_C/oserdes_clkdiv            |             6.7 |
| oserdes_clkdiv_3                                                                                                                                          | microblaze/microblaze_i/mig_7series_0/u_microblaze_mig_7series_0_0_mig/u_memc_ui_top_axi/mem_intfc0/ddr_phy_top0/u_ddr_mc_phy_wrapper/u_ddr_mc_phy/ddr_phy_4lanes_0.u_ddr_phy_4lanes/ddr_byte_lane_D.ddr_byte_lane_D/oserdes_clkdiv            |             6.7 |
| pll_clk3_out                                                                                                                                              | microblaze/microblaze_i/mig_7series_0/u_microblaze_mig_7series_0_0_mig/u_ddr2_infrastructure/pll_clk3_out                                                                                                                                      |             6.7 |
| pll_clkfbout                                                                                                                                              | microblaze/microblaze_i/mig_7series_0/u_microblaze_mig_7series_0_0_mig/u_ddr2_infrastructure/pll_clkfbout                                                                                                                                      |             5.0 |
| sync_pulse                                                                                                                                                | microblaze/microblaze_i/mig_7series_0/u_microblaze_mig_7series_0_0_mig/u_ddr2_infrastructure/sync_pulse                                                                                                                                        |            53.3 |
| sys_clk_pin                                                                                                                                               | SYSCLK                                                                                                                                                                                                                                         |            10.0 |
| sys_clk_pin                                                                                                                                               | SYSCLK_IBUF_BUFG                                                                                                                                                                                                                               |            10.0 |
| u_memc_ui_top_axi/mem_intfc0/ddr_phy_top0/u_ddr_mc_phy_wrapper/u_ddr_mc_phy/ddr_phy_4lanes_0.u_ddr_phy_4lanes/ddr_byte_lane_A.ddr_byte_lane_A/iserdes_clk | microblaze/microblaze_i/mig_7series_0/u_microblaze_mig_7series_0_0_mig/u_memc_ui_top_axi/mem_intfc0/ddr_phy_top0/u_ddr_mc_phy_wrapper/u_ddr_mc_phy/ddr_phy_4lanes_0.u_ddr_phy_4lanes/ddr_byte_lane_A.ddr_byte_lane_A/phaser_in_gen.phaser_in_0 |             3.3 |
| u_memc_ui_top_axi/mem_intfc0/ddr_phy_top0/u_ddr_mc_phy_wrapper/u_ddr_mc_phy/ddr_phy_4lanes_0.u_ddr_phy_4lanes/ddr_byte_lane_C.ddr_byte_lane_C/iserdes_clk | microblaze/microblaze_i/mig_7series_0/u_microblaze_mig_7series_0_0_mig/u_memc_ui_top_axi/mem_intfc0/ddr_phy_top0/u_ddr_mc_phy_wrapper/u_ddr_mc_phy/ddr_phy_4lanes_0.u_ddr_phy_4lanes/ddr_byte_lane_C.ddr_byte_lane_C/phaser_in_gen.phaser_in_0 |             3.3 |
+-----------------------------------------------------------------------------------------------------------------------------------------------------------+------------------------------------------------------------------------------------------------------------------------------------------------------------------------------------------------------------------------------------------------+-----------------+


3. Detailed Reports
-------------------

3.1 By Hierarchy
----------------

+-------------------------------+-----------+
| Name                          | Power (W) |
+-------------------------------+-----------+
| top_module                    |     1.200 |
|   dbg_hub                     |     0.003 |
|     inst                      |     0.003 |
|       BSCANID.u_xsdbm_id      |     0.003 |
|   ila_inst                    |     0.013 |
|     U0                        |     0.013 |
|       ila_core_inst           |     0.013 |
|   microblaze                  |     1.179 |
|     microblaze_i              |     1.179 |
|       axi_dma_0               |     0.008 |
|       axi_iic_0               |     0.002 |
|       axi_iic_1               |     0.002 |
|       axi_quad_spi_0          |     0.005 |
|       axi_quad_spi_1          |     0.005 |
|       axi_timer_0             |     0.003 |
|       clk_wiz_1               |     0.108 |
|       mdm_1                   |     0.001 |
|       microblaze_0            |     0.025 |
|       microblaze_0_axi_intc   |     0.001 |
|       microblaze_0_axi_periph |     0.080 |
|       mig_7series_0           |     0.936 |
|   uart_rx                     |     0.002 |
|     fifo                      |     0.002 |
+-------------------------------+-----------+


