Copyright 1986-2022 Xilinx, Inc. All Rights Reserved. Copyright 2022-2025 Advanced Micro Devices, Inc. All Rights Reserved.
---------------------------------------------------------------------------------------------------------------------------------------------
| Tool Version : Vivado v.2025.2 (lin64) Build 6299465 Fri Nov 14 12:34:56 MST 2025
| Date         : Sun Nov 23 14:12:37 2025
| Host         : ck-MS-7E62 running 64-bit Ubuntu 25.04
| Command      : upgrade_ip
| Device       : xc7a100tcsg324-1
---------------------------------------------------------------------------------------------------------------------------------------------

Upgrade Log for IP 'microblaze_microblaze_0_axi_periph_0'

1. Summary
----------

SUCCESS in the upgrade of microblaze_microblaze_0_axi_periph_0 (xilinx.com:ip:axi_interconnect:2.1) from (Rev. 37) to (Rev. 38)






Copyright 1986-2022 Xilinx, Inc. All Rights Reserved. Copyright 2022-2025 Advanced Micro Devices, Inc. All Rights Reserved.
---------------------------------------------------------------------------------------------------------------------------------------------
| Tool Version : Vivado v.2025.2 (lin64) Build 6299465 Fri Nov 14 12:34:56 MST 2025
| Date         : Sun Nov 23 14:12:37 2025
| Host         : ck-MS-7E62 running 64-bit Ubuntu 25.04
| Command      : upgrade_ip
| Device       : xc7a100tcsg324-1
---------------------------------------------------------------------------------------------------------------------------------------------

Upgrade Log for IP 'microblaze_microblaze_0_axi_intc_0'

1. Summary
----------

SUCCESS in the upgrade of microblaze_microblaze_0_axi_intc_0 (xilinx.com:ip:axi_intc:4.1) from (Rev. 21) to (Rev. 22)

2. Upgrade messages
-------------------

Set parameter C_IVAR_RESET_VALUE to value 0x0000000000000010 (source 'default')






Copyright 1986-2022 Xilinx, Inc. All Rights Reserved. Copyright 2022-2025 Advanced Micro Devices, Inc. All Rights Reserved.
---------------------------------------------------------------------------------------------------------------------------------------------
| Tool Version : Vivado v.2025.2 (lin64) Build 6299465 Fri Nov 14 12:34:56 MST 2025
| Date         : Sun Nov 23 14:12:37 2025
| Host         : ck-MS-7E62 running 64-bit Ubuntu 25.04
| Command      : upgrade_ip
| Device       : xc7a100tcsg324-1
---------------------------------------------------------------------------------------------------------------------------------------------

Upgrade Log for IP 'microblaze_microblaze_0_0'

1. Summary
----------

SUCCESS in the upgrade of microblaze_microblaze_0_0 (xilinx.com:ip:microblaze:11.0) from (Rev. 15) to (Rev. 16)

2. Upgrade messages
-------------------

Set parameter C_BASE_VECTORS to value 0x0000000000000000 (source 'default')
Set parameter C_M_AXI_DP_ADDR_WIDTH to value 32 (source 'default')
Set parameter C_M_AXI_DC_ADDR_WIDTH to value 32 (source 'default')
Set parameter C_M_AXI_IP_ADDR_WIDTH to value 32 (source 'default')
Set parameter C_M_AXI_IC_ADDR_WIDTH to value 32 (source 'default')






Copyright 1986-2022 Xilinx, Inc. All Rights Reserved. Copyright 2022-2025 Advanced Micro Devices, Inc. All Rights Reserved.
---------------------------------------------------------------------------------------------------------------------------------------------
| Tool Version : Vivado v.2025.2 (lin64) Build 6299465 Fri Nov 14 12:34:56 MST 2025
| Date         : Sun Nov 23 14:12:37 2025
| Host         : ck-MS-7E62 running 64-bit Ubuntu 25.04
| Command      : upgrade_ip
| Device       : xc7a100tcsg324-1
---------------------------------------------------------------------------------------------------------------------------------------------

Upgrade Log for IP 'microblaze_mdm_1_0'

1. Summary
----------

SUCCESS in the upgrade of microblaze_mdm_1_0 (xilinx.com:ip:mdm:3.2) from (Rev. 28) to (Rev. 29)

2. Upgrade messages
-------------------

Set parameter C_M_AXIS_ID_WIDTH to value 7 (source 'default')






Copyright 1986-2022 Xilinx, Inc. All Rights Reserved. Copyright 2022-2025 Advanced Micro Devices, Inc. All Rights Reserved.
---------------------------------------------------------------------------------------------------------------------------------------------
| Tool Version : Vivado v.2025.2 (lin64) Build 6299465 Fri Nov 14 12:34:56 MST 2025
| Date         : Sun Nov 23 14:12:37 2025
| Host         : ck-MS-7E62 running 64-bit Ubuntu 25.04
| Command      : upgrade_ip
| Device       : xc7a100tcsg324-1
---------------------------------------------------------------------------------------------------------------------------------------------

Upgrade Log for IP 'microblaze_lmb_bram_0'

1. Summary
----------

SUCCESS in the upgrade of microblaze_lmb_bram_0 (xilinx.com:ip:blk_mem_gen:8.4) from (Rev. 11) to (Rev. 12)






Copyright 1986-2022 Xilinx, Inc. All Rights Reserved. Copyright 2022-2025 Advanced Micro Devices, Inc. All Rights Reserved.
---------------------------------------------------------------------------------------------------------------------------------------------
| Tool Version : Vivado v.2025.2 (lin64) Build 6299465 Fri Nov 14 12:34:56 MST 2025
| Date         : Sun Nov 23 14:12:37 2025
| Host         : ck-MS-7E62 running 64-bit Ubuntu 25.04
| Command      : upgrade_ip
| Device       : xc7a100tcsg324-1
---------------------------------------------------------------------------------------------------------------------------------------------

Upgrade Log for IP 'microblaze_ilmb_v10_0'

1. Summary
----------

SUCCESS in the upgrade of microblaze_ilmb_v10_0 (xilinx.com:ip:lmb_v10:3.0) from (Rev. 15) to (Rev. 16)






Copyright 1986-2022 Xilinx, Inc. All Rights Reserved. Copyright 2022-2025 Advanced Micro Devices, Inc. All Rights Reserved.
---------------------------------------------------------------------------------------------------------------------------------------------
| Tool Version : Vivado v.2025.2 (lin64) Build 6299465 Fri Nov 14 12:34:56 MST 2025
| Date         : Sun Nov 23 14:12:37 2025
| Host         : ck-MS-7E62 running 64-bit Ubuntu 25.04
| Command      : upgrade_ip
| Device       : xc7a100tcsg324-1
---------------------------------------------------------------------------------------------------------------------------------------------

Upgrade Log for IP 'microblaze_ilmb_bram_if_cntlr_0'

1. Summary
----------

SUCCESS in the upgrade of microblaze_ilmb_bram_if_cntlr_0 (xilinx.com:ip:lmb_bram_if_cntlr:4.0) from (Rev. 26) to (Rev. 27)

2. Upgrade messages
-------------------

Set parameter C_MASK1 to value 0x0000000000800000 (source 'default')
Set parameter C_MASK2 to value 0x0000000000800000 (source 'default')
Set parameter C_MASK3 to value 0x0000000000800000 (source 'default')






Copyright 1986-2022 Xilinx, Inc. All Rights Reserved. Copyright 2022-2025 Advanced Micro Devices, Inc. All Rights Reserved.
---------------------------------------------------------------------------------------------------------------------------------------------
| Tool Version : Vivado v.2025.2 (lin64) Build 6299465 Fri Nov 14 12:34:56 MST 2025
| Date         : Sun Nov 23 14:12:37 2025
| Host         : ck-MS-7E62 running 64-bit Ubuntu 25.04
| Command      : upgrade_ip
| Device       : xc7a100tcsg324-1
---------------------------------------------------------------------------------------------------------------------------------------------

Upgrade Log for IP 'microblaze_dlmb_v10_0'

1. Summary
----------

SUCCESS in the upgrade of microblaze_dlmb_v10_0 (xilinx.com:ip:lmb_v10:3.0) from (Rev. 15) to (Rev. 16)






Copyright 1986-2022 Xilinx, Inc. All Rights Reserved. Copyright 2022-2025 Advanced Micro Devices, Inc. All Rights Reserved.
---------------------------------------------------------------------------------------------------------------------------------------------
| Tool Version : Vivado v.2025.2 (lin64) Build 6299465 Fri Nov 14 12:34:56 MST 2025
| Date         : Sun Nov 23 14:12:37 2025
| Host         : ck-MS-7E62 running 64-bit Ubuntu 25.04
| Command      : upgrade_ip
| Device       : xc7a100tcsg324-1
---------------------------------------------------------------------------------------------------------------------------------------------

Upgrade Log for IP 'microblaze_dlmb_bram_if_cntlr_0'

1. Summary
----------

SUCCESS in the upgrade of microblaze_dlmb_bram_if_cntlr_0 (xilinx.com:ip:lmb_bram_if_cntlr:4.0) from (Rev. 26) to (Rev. 27)

2. Upgrade messages
-------------------

Set parameter C_MASK1 to value 0x0000000000800000 (source 'default')
Set parameter C_MASK2 to value 0x0000000000800000 (source 'default')
Set parameter C_MASK3 to value 0x0000000000800000 (source 'default')






Copyright 1986-2022 Xilinx, Inc. All Rights Reserved. Copyright 2022-2025 Advanced Micro Devices, Inc. All Rights Reserved.
---------------------------------------------------------------------------------------------------------------------------------------------
| Tool Version : Vivado v.2025.2 (lin64) Build 6299465 Fri Nov 14 12:34:56 MST 2025
| Date         : Sun Nov 23 14:12:37 2025
| Host         : ck-MS-7E62 running 64-bit Ubuntu 25.04
| Command      : upgrade_ip
| Device       : xc7a100tcsg324-1
---------------------------------------------------------------------------------------------------------------------------------------------

Upgrade Log for IP 'microblaze_clk_wiz_1_0'

1. Summary
----------

SUCCESS in the upgrade of microblaze_clk_wiz_1_0 (xilinx.com:ip:clk_wiz:6.0) from (Rev. 16) to (Rev. 17)






Copyright 1986-2022 Xilinx, Inc. All Rights Reserved. Copyright 2022-2025 Advanced Micro Devices, Inc. All Rights Reserved.
---------------------------------------------------------------------------------------------------------------------------------------------
| Tool Version : Vivado v.2025.2 (lin64) Build 6299465 Fri Nov 14 12:34:56 MST 2025
| Date         : Sun Nov 23 14:12:37 2025
| Host         : ck-MS-7E62 running 64-bit Ubuntu 25.04
| Command      : upgrade_ip
| Device       : xc7a100tcsg324-1
---------------------------------------------------------------------------------------------------------------------------------------------

Upgrade Log for IP 'microblaze_axi_quad_spi_0_0'

1. Summary
----------

SUCCESS in the upgrade of microblaze_axi_quad_spi_0_0 (xilinx.com:ip:axi_quad_spi:3.2) from (Rev. 34) to (Rev. 35)






Copyright 1986-2022 Xilinx, Inc. All Rights Reserved. Copyright 2022-2025 Advanced Micro Devices, Inc. All Rights Reserved.
---------------------------------------------------------------------------------------------------------------------------------------------
| Tool Version : Vivado v.2025.2 (lin64) Build 6299465 Fri Nov 14 12:34:56 MST 2025
| Date         : Sun Nov 23 14:12:37 2025
| Host         : ck-MS-7E62 running 64-bit Ubuntu 25.04
| Command      : upgrade_ip
| Device       : xc7a100tcsg324-1
---------------------------------------------------------------------------------------------------------------------------------------------

Upgrade Log for IP 'microblaze_axi_dma_0_0'

1. Summary
----------

SUCCESS in the upgrade of microblaze_axi_dma_0_0 (xilinx.com:ip:axi_dma:7.1) from (Rev. 36) to (Rev. 37)






Copyright 1986-2022 Xilinx, Inc. All Rights Reserved. Copyright 2022-2025 Advanced Micro Devices, Inc. All Rights Reserved.
---------------------------------------------------------------------------------------------------------------------------------------------
| Tool Version : Vivado v.2025.2 (lin64) Build 6299465 Fri Nov 14 12:34:56 MST 2025
| Date         : Sun Nov 23 14:12:33 2025
| Host         : ck-MS-7E62 running 64-bit Ubuntu 25.04
| Command      : upgrade_ip
| Device       : xc7a100tcsg324-1
---------------------------------------------------------------------------------------------------------------------------------------------

Upgrade Log for IP 'ila_0'

1. Summary
----------

SUCCESS in the upgrade of ila_0 (xilinx.com:ip:ila:6.2) from (Rev. 18) to (Rev. 19)

